[13:05:14] [main/INFO] (FabricLoader/GameProvider) Loading Minecraft 1.21.1 with Fabric Loader 0.16.14
[13:05:14] [main/DEBUG] (FabricLoader/GamePatch) Found game constructor: net.minecraft.client.main.Main -> net.minecraft.client.MinecraftClient
[13:05:14] [main/DEBUG] (FabricLoader/GamePatch) Patching game constructor <init>(Lnet/minecraft/client/RunArgs;)V
[13:05:14] [main/DEBUG] (FabricLoader/GamePatch) Run directory field is thought to be net/minecraft/client/MinecraftClient/runDirectory
[13:05:14] [main/DEBUG] (FabricLoader/GamePatch) Applying brand name hook to net/minecraft/client/ClientBrandRetriever::getClientModName
[13:05:14] [main/DEBUG] (FabricLoader/GamePatch) Applying brand name hook to net/minecraft/server/MinecraftServer::getServerModName
[13:05:14] [main/DEBUG] (FabricLoader/Mappings) Loading mappings took 91 ms
[13:05:14] [main/DEBUG] (FabricLoader/GamePatch) Patched 3 classs
[13:05:14] [main/DEBUG] (FabricLoader/Discovery) Mod discovery time: 22.2 ms
[13:05:14] [main/WARN] (FabricLoader/Resolution) Mod resolution failed
[13:05:14] [main/INFO] (FabricLoader/Resolution) Immediate reason: [HARD_DEP_NO_CANDIDATE shouldersurfing 4.11.0 {depends forgeconfigapiport @ [>=21.0.0]}, ROOT_FORCELOAD_SINGLE shouldersurfing 4.11.0]
[13:05:14] [main/INFO] (FabricLoader/Resolution) Reason: [HARD_DEP shouldersurfing 4.11.0 {depends forgeconfigapiport @ [>=21.0.0]}]
[13:05:14] [main/INFO] (FabricLoader/Resolution) Fix: add [add:forgeconfigapiport 21.0.0 ([[21.0.0,∞)])], remove [], replace []
[13:05:14] [main/ERROR] (FabricLoader) Incompatible mods found!
net.fabricmc.loader.impl.FormattedException: Some of your mods are incompatible with the game or each other!
A potential solution has been determined, this may resolve your problem:
	 - Install forgeconfigapiport, version 21.0.0 or later.
More details:
	 - Mod 'Shoulder Surfing Reloaded' (shouldersurfing) 4.11.0 requires version 21.0.0 or later of forgeconfigapiport, which is missing!
	at net.fabricmc.loader.impl.FormattedException.ofLocalized(FormattedException.java:51) ~[fabric-loader-0.16.14.jar:?]
	at net.fabricmc.loader.impl.FabricLoaderImpl.load(FabricLoaderImpl.java:196) ~[fabric-loader-0.16.14.jar:?]
	at net.fabricmc.loader.impl.launch.knot.Knot.init(Knot.java:146) ~[fabric-loader-0.16.14.jar:?]
	at net.fabricmc.loader.impl.launch.knot.Knot.launch(Knot.java:68) [fabric-loader-0.16.14.jar:?]
	at net.fabricmc.loader.impl.launch.knot.KnotClient.main(KnotClient.java:23) [fabric-loader-0.16.14.jar:?]
	at net.fabricmc.devlaunchinjector.Main.main(Main.java:86) [dev-launch-injector-0.2.1+build.8.jar:?]
